<?xml version="1.0" encoding="UTF-8"?>
<!-- Generated by org.testng.reporters.JUnitXMLReporter -->
<testsuite ignored="6" hostname="CHANDRAKANTHAs-MacBook-Air.local" failures="0" tests="1" name="selected method run" time="203.724" errors="0" timestamp="2026-04-01T10:55:19 IST">
  <testcase classname="com.testexecution.test.PortalPage" name="universityinsti" time="189.471"/>
  <testcase classname="com.testexecution.test.PortalPage" name="CollegeRanking" time="0.0">
    <ignored/>
  </testcase> <!-- CollegeRanking -->
  <testcase classname="com.testexecution.test.PortalPage" name="toolsTestCases" time="0.0">
    <ignored/>
  </testcase> <!-- toolsTestCases -->
  <testcase classname="com.testexecution.test.PortalPage" name="DashboardTestCases" time="0.0">
    <ignored/>
  </testcase> <!-- DashboardTestCases -->
  <testcase classname="com.testexecution.test.PortalPage" name="feeAndSeatMatrix" time="0.0">
    <ignored/>
  </testcase> <!-- feeAndSeatMatrix -->
  <testcase classname="com.testexecution.test.PortalPage" name="collegeCompareTest" time="0.0">
    <ignored/>
  </testcase> <!-- collegeCompareTest -->
  <testcase classname="com.testexecution.test.PortalPage" name="counsellingState" time="0.0">
    <ignored/>
  </testcase> <!-- counsellingState -->
</testsuite> <!-- selected method run -->
