<?xml version="1.0" encoding="UTF-8"?>
<!-- Generated by org.testng.reporters.JUnitReportReporter -->
<testsuite hostname="CHANDRAKANTHAs-MacBook-Air.local" failures="0" tests="2" name="com.testexecution.test.EngineerPortal" time="268.742" errors="0" timestamp="2026-04-02T11:50:48 IST" skipped="0">
  <testcase classname="com.testexecution.test.EngineerPortal" name="engineeringTest" time="149.563"/>
  <testcase classname="com.testexecution.test.EngineerPortal" name="engineeringfeeTest" time="119.179"/>
</testsuite> <!-- com.testexecution.test.EngineerPortal -->
