<?xml version="1.0" encoding="UTF-8"?>
<!-- Generated by org.testng.reporters.JUnitXMLReporter -->
<testsuite ignored="1" hostname="CHANDRAKANTHAs-MacBook-Air.local" failures="0" tests="1" name="Chrome Test" time="0.191" errors="0" timestamp="2026-03-12T18:39:12 IST">
  <testcase classname="com.baseclass.base.BaseTest" name="@BeforeMethod setup" time="-1.773320952615E9">
    <failure type="org.testng.TestNGException" message="
Parameter &amp;apos;browser&amp;apos; is required by BeforeMethod on method setup but has not been marked @Optional or defined
in /Users/chandrakantha/eclipse-workspace/Hellomentorp/testng.xml">
      <![CDATA[org.testng.TestNGException: 
Parameter 'browser' is required by BeforeMethod on method setup but has not been marked @Optional or defined
in /Users/chandrakantha/eclipse-workspace/Hellomentorp/testng.xml
at java.base/java.util.ArrayList.forEach(ArrayList.java:1596)
at java.base/java.util.concurrent.FutureTask.run(FutureTask.java:317)
at java.base/java.util.concurrent.ThreadPoolExecutor.runWorker(ThreadPoolExecutor.java:1144)
at java.base/java.util.concurrent.ThreadPoolExecutor$Worker.run(ThreadPoolExecutor.java:642)
at java.base/java.lang.Thread.run(Thread.java:1583)
... Removed 18 stack frames]]>
    </failure>
  </testcase> <!-- @BeforeMethod setup -->
  <testcase classname="com.baseclass.base.BaseTest" name="@BeforeMethod setup" time="-1.773320952615E9">
    <failure type="org.testng.TestNGException" message="
Parameter &amp;apos;browser&amp;apos; is required by BeforeMethod on method setup but has not been marked @Optional or defined
in /Users/chandrakantha/eclipse-workspace/Hellomentorp/testng.xml">
      <![CDATA[org.testng.TestNGException: 
Parameter 'browser' is required by BeforeMethod on method setup but has not been marked @Optional or defined
in /Users/chandrakantha/eclipse-workspace/Hellomentorp/testng.xml
at java.base/java.util.ArrayList.forEach(ArrayList.java:1596)
at java.base/java.util.concurrent.FutureTask.run(FutureTask.java:317)
at java.base/java.util.concurrent.ThreadPoolExecutor.runWorker(ThreadPoolExecutor.java:1144)
at java.base/java.util.concurrent.ThreadPoolExecutor$Worker.run(ThreadPoolExecutor.java:642)
at java.base/java.lang.Thread.run(Thread.java:1583)
... Removed 18 stack frames]]>
    </failure>
  </testcase> <!-- @BeforeMethod setup -->
  <testcase classname="com.testexecution.test.TestCases" name="ts002" time="0.0">
    <skipped/>
  </testcase> <!-- ts002 -->
  <testcase classname="com.testexecution.test.TestCases" name="ts001" time="0.0">
    <ignored/>
  </testcase> <!-- ts001 -->
</testsuite> <!-- Chrome Test -->
