<?xml version="1.0" encoding="UTF-8"?>
<!-- Generated by org.testng.reporters.JUnitXMLReporter -->
<testsuite ignored="1" hostname="CHANDRAKANTHAs-MacBook-Air.local" failures="0" tests="1" name="Safari Test" time="0.192" errors="0" timestamp="2026-03-12T18:39:12 IST">
  <testcase classname="com.testexecution.test.TestCases" name="ts001" time="0.0">
    <skipped/>
  </testcase> <!-- ts001 -->
  <testcase classname="com.testexecution.test.TestCases" name="ts002" time="0.0">
    <ignored/>
  </testcase> <!-- ts002 -->
</testsuite> <!-- Safari Test -->
